Copyright 1986-2020 Xilinx, Inc. All Rights Reserved.
-----------------------------------------------------------------------------------------------------
| Tool Version : Vivado v.2020.1 (lin64) Build 2902540 Wed May 27 19:54:35 MDT 2020
| Date         : Wed Dec 16 16:02:23 2020
| Host         : david-x555lb running 64-bit Manjaro Linux
| Command      : report_utilization -hierarchical -file nexys4ddr_utilization_hierarchical_synth.rpt
| Design       : nexys4ddr
| Device       : 7a100tcsg324-1
| Design State : Synthesized
-----------------------------------------------------------------------------------------------------

Utilization Design Information

Table of Contents
-----------------
1. Utilization by Hierarchy

1. Utilization by Hierarchy
---------------------------

+------------------------+-------------------+------------+------------+---------+------+------+--------+--------+------------+
|        Instance        |       Module      | Total LUTs | Logic LUTs | LUTRAMs | SRLs |  FFs | RAMB36 | RAMB18 | DSP Blocks |
+------------------------+-------------------+------------+------------+---------+------+------+--------+--------+------------+
| nexys4ddr              |             (top) |       3566 |       3446 |     120 |    0 | 2972 |    134 |      0 |          1 |
|   (nexys4ddr)          |             (top) |        962 |        930 |      32 |    0 | 1698 |    134 |      0 |          1 |
|   BloquePWM            |         BloquePWM |         30 |         30 |       0 |    0 |   32 |      0 |      0 |          0 |
|     DivisorF           |        DivFreqPWM |          5 |          5 |       0 |    0 |   14 |      0 |      0 |          0 |
|     MaquinaEstadosPWM1 | MaquinaEstadosPWM |          5 |          5 |       0 |    0 |    2 |      0 |      0 |          0 |
|     pwm1               |               PWM |         21 |         21 |       0 |    0 |   16 |      0 |      0 |          0 |
|   bloqueultrasonido    | bloqueultrasonido |         51 |         51 |       0 |    0 |   79 |      0 |      0 |          0 |
|     maquinadeestados0  |  maquinadeestados |          6 |          6 |       0 |    0 |   15 |      0 |      0 |          0 |
|       divisorfrecme0   |     divisorfrecme |          5 |          5 |       0 |    0 |   13 |      0 |      0 |          0 |
|       meultrasonido0   |     meultrasonido |          1 |          1 |       0 |    0 |    2 |      0 |      0 |          0 |
|     ultrasonido0       |       ultrasonido |         45 |         45 |       0 |    0 |   64 |      0 |      0 |          0 |
|       contador0        |          contador |          9 |          9 |       0 |    0 |   10 |      0 |      0 |          0 |
|       divisor0         |           divisor |          2 |          2 |       0 |    0 |   16 |      0 |      0 |          0 |
|       divisorfrec0     |       divisorfrec |          5 |          5 |       0 |    0 |   13 |      0 |      0 |          0 |
|       divisorfrecd0    |      divisorfrecd |         15 |         15 |       0 |    0 |   12 |      0 |      0 |          0 |
|       divisorfrecgen0  |    divisorfrecgen |         12 |         12 |       0 |    0 |   11 |      0 |      0 |          0 |
|       genpulsos0       |         genpulsos |          2 |          2 |       0 |    0 |    2 |      0 |      0 |          0 |
|   modulo_ir            |         modulo_ir |         58 |         58 |       0 |    0 |   34 |      0 |      0 |          0 |
|   picorv32             |          picorv32 |       2465 |       2377 |      88 |    0 | 1129 |      0 |      0 |          0 |
|     (picorv32)         |          picorv32 |       1777 |       1689 |      88 |    0 |  674 |      0 |      0 |          0 |
|     pcpi_div           | picorv32_pcpi_div |        444 |        444 |       0 |    0 |  200 |      0 |      0 |          0 |
|     pcpi_mul           | picorv32_pcpi_mul |        244 |        244 |       0 |    0 |  255 |      0 |      0 |          0 |
+------------------------+-------------------+------------+------------+---------+------+------+--------+--------+------------+


